<?xml version="1.0" encoding="UTF-8"?>
<testsuite xmlns:xsi="http://www.w3.org/2001/XMLSchema-instance" xsi:noNamespaceSchemaLocation="https://maven.apache.org/surefire/maven-surefire-plugin/xsd/surefire-test-report-3.0.xsd" version="3.0" name="hellocucumber.RunCucumberTest" time="0.283" tests="2" errors="0" skipped="0" failures="0">
  <properties>
[...]
</properties>
  <testcase name="Example #1" classname="Examples" time="0.163">
    <system-out><![CDATA[
Scenario Outline: can user access to meteo data center ?  &amp#27;[90m# hellocucumber/Connection.feature:12&amp#27;[0m
Meteo center opened!
  &amp#27;[32mGiven &amp#27;[0m&amp#27;[32muser login is &amp#27;[0m&amp#27;[32m&amp#27;[1m"admin"&amp#27;[0m                             &amp#27;[90m# hellocucumber.StepDefinitions.user_login_is(java.lang.String)&amp#27;[0m
  &amp#27;[32mAnd &amp#27;[0m&amp#27;[32muser password is &amp#27;[0m&amp#27;[32m&amp#27;[1m"admin"&amp#27;[0m                            &amp#27;[90m# hellocucumber.StepDefinitions.user_password_is(java.lang.String)&amp#27;[0m
  &amp#27;[32mWhen &amp#27;[0m&amp#27;[32mI ask whether user can access to meteo data center&amp#27;[0m &amp#27;[90m# hellocucumber.StepDefinitions.can_user_connect()&amp#27;[0m
  &amp#27;[32mThen &amp#27;[0m&amp#27;[32mI should be told &amp#27;[0m&amp#27;[32m&amp#27;[1m"true"&amp#27;[0m                            &amp#27;[90m# hellocucumber.StepDefinitions.i_should_be_told(java.lang.String)&amp#27;[0m
]]></system-out>
  </testcase>
  <testcase name="Example #2" classname="Examples" time="0.007">
    <system-out><![CDATA[
Scenario Outline: can user access to meteo data center ?  &amp#27;[90m# hellocucumber/Connection.feature:13&amp#27;[0m
Meteo center opened!
  &amp#27;[32mGiven &amp#27;[0m&amp#27;[32muser login is &amp#27;[0m&amp#27;[32m&amp#27;[1m"wrong"&amp#27;[0m                             &amp#27;[90m# hellocucumber.StepDefinitions.user_login_is(java.lang.String)&amp#27;[0m
  &amp#27;[32mAnd &amp#27;[0m&amp#27;[32muser password is &amp#27;[0m&amp#27;[32m&amp#27;[1m"wrong"&amp#27;[0m                            &amp#27;[90m# hellocucumber.StepDefinitions.user_password_is(java.lang.String)&amp#27;[0m
Incorrect user, please check login or password
  &amp#27;[32mWhen &amp#27;[0m&amp#27;[32mI ask whether user can access to meteo data center&amp#27;[0m &amp#27;[90m# hellocucumber.StepDefinitions.can_user_connect()&amp#27;[0m
  &amp#27;[32mThen &amp#27;[0m&amp#27;[32mI should be told &amp#27;[0m&amp#27;[32m&amp#27;[1m"false"&amp#27;[0m                           &amp#27;[90m# hellocucumber.StepDefinitions.i_should_be_told(java.lang.String)&amp#27;[0m
]]></system-out>
  </testcase>
</testsuite>